2025-12-11 20:08:27,622 [main] INFO  org.red5.server.Launcher - Red5 Server 2.0.25 (https://github.com/Red5)
2025-12-11 20:08:27,942 [main] INFO  org.red5.server.net.sse.SSEManager - Starting SSE Manager
2025-12-11 20:08:27,943 [main] INFO  org.red5.server.net.sse.SSEManager - SSE Manager started with 300000 connection timeout and 30000 keep-alive interval
2025-12-11 20:08:28,066 [main] INFO  o.r.s.net.rtmp.RTMPMinaTransport - RTMP will be bound to [0.0.0.0:1935]
2025-12-11 20:08:28,068 [main] INFO  o.r.s.net.rtmp.RTMPMinaTransport - RTMP Mina Transport Settings
Acceptor style: default I/O threads: 8
TCP no-delay: true keep-alive: false
2025-12-11 20:08:28,082 [main] INFO  o.r.s.net.rtmp.RTMPMinaTransport - Traffic class modification is disabled
2025-12-11 20:08:28,082 [main] INFO  o.r.s.net.rtmp.RTMPMinaTransport - Send buffer size: 65536 recv buffer size: 65536 so linger: -1 traffic class: 0
2025-12-11 20:08:28,090 [main] INFO  org.red5.server.ContextLoader - ContextLoader init
2025-12-11 20:08:28,091 [main] INFO  org.red5.server.ContextLoader - Loading: default.context = ${red5.root}/webapps/red5-default.xml => /opt/red5/webapps/red5-default.xml
2025-12-11 20:08:28,128 [main] INFO  org.red5.server.Context - Setting parent bean factory as core
2025-12-11 20:08:28,189 [main] INFO  o.red5.server.tomcat.TomcatLoader - Loading Tomcat
2025-12-11 20:08:28,191 [main] INFO  o.r.net.websocket.WebSocketPlugin - Setting server scope listener
2025-12-11 20:08:28,191 [main] INFO  o.r.net.websocket.WebSocketPlugin - Got global scope: default
2025-12-11 20:08:28,192 [main] INFO  o.red5.server.tomcat.TomcatLoader - Server root: /opt/red5
2025-12-11 20:08:28,193 [main] INFO  o.red5.server.tomcat.TomcatLoader - Config root: /opt/red5/conf
2025-12-11 20:08:28,209 [main] INFO  o.red5.server.tomcat.TomcatLoader - Application root: /opt/red5/webapps
2025-12-11 20:08:28,209 [main] INFO  org.red5.server.tomcat.WarDeployer - War deployer service created
2025-12-11 20:08:28,209 [main] INFO  org.red5.server.tomcat.WarDeployer - Starting WarDeployer - webapps directory: /opt/red5/webapps
2025-12-11 20:08:28,209 [main] INFO  org.red5.server.tomcat.WarDeployer - Deploy wars without app start
2025-12-11 20:08:28,249 [main] WARN  o.a.tomcat.util.net.SSLHostConfig - The property [insecureRenegotiation] was set on the SSLHostConfig named [_default_] and is for the [OPENSSL] configuration syntax but the SSLHostConfig is being used with the [JSSE] configuration syntax
2025-12-11 20:08:28,252 [main] INFO  o.red5.server.tomcat.TomcatLoader - Starting Tomcat servlet engine
2025-12-11 20:08:28,317 [main] INFO  o.a.c.http11.Http11Nio2Protocol - Initializing ProtocolHandler ["http-nio2-0.0.0.0-5080"]
2025-12-11 20:08:28,340 [main] INFO  o.a.catalina.core.StandardService - Starting service [Tomcat]
2025-12-11 20:08:28,341 [main] INFO  o.a.catalina.core.StandardEngine - Starting Servlet engine: [Apache Tomcat/11.0.14]
2025-12-11 20:08:28,419 [main] INFO  o.a.catalina.startup.ContextConfig - No global web.xml found
2025-12-11 20:08:28,471 [main] INFO  o.a.c.c.C.[.[0.0.0.0].[/] - No Spring WebApplicationInitializer types detected on classpath
2025-12-11 20:08:28,503 [main] INFO  o.a.c.c.C.[.[0.0.0.0].[/live] - No Spring WebApplicationInitializer types detected on classpath
2025-12-11 20:08:28,508 [main] ERROR o.a.c.c.C.[.[0.0.0.0].[/live] - Servlet [sse] in web application [/live] threw load() exception
jakarta.servlet.ServletException: No web application context available
	at org.red5.server.net.sse.SSEServlet.init(SSEServlet.java:93)
	at jakarta.servlet.GenericServlet.init(GenericServlet.java:145)
	at jakarta.servlet.http.HttpServlet.init(HttpServlet.java:124)
	at org.apache.catalina.core.StandardWrapper.initServlet(StandardWrapper.java:819)
	at org.apache.catalina.core.StandardWrapper.loadServlet(StandardWrapper.java:789)
	at org.apache.catalina.core.StandardWrapper.load(StandardWrapper.java:693)
	at org.apache.catalina.core.StandardContext.loadOnStartup(StandardContext.java:4177)
	at org.apache.catalina.core.StandardContext.startInternal(StandardContext.java:4460)
	at org.apache.catalina.util.LifecycleBase.start(LifecycleBase.java:164)
	at org.apache.catalina.core.ContainerBase$StartChild.call(ContainerBase.java:1162)
	at org.apache.catalina.core.ContainerBase$StartChild.call(ContainerBase.java:1158)
	at java.base/java.util.concurrent.FutureTask.run(FutureTask.java:317)
	at org.apache.tomcat.util.threads.InlineExecutorService.execute(InlineExecutorService.java:81)
	at java.base/java.util.concurrent.AbstractExecutorService.submit(AbstractExecutorService.java:145)
	at org.apache.catalina.core.ContainerBase.startInternal(ContainerBase.java:714)
	at org.apache.catalina.core.StandardHost.startInternal(StandardHost.java:767)
	at org.apache.catalina.util.LifecycleBase.start(LifecycleBase.java:164)
	at org.apache.catalina.core.ContainerBase$StartChild.call(ContainerBase.java:1162)
	at org.apache.catalina.core.ContainerBase$StartChild.call(ContainerBase.java:1158)
	at java.base/java.util.concurrent.FutureTask.run(FutureTask.java:317)
	at org.apache.tomcat.util.threads.InlineExecutorService.execute(InlineExecutorService.java:81)
	at java.base/java.util.concurrent.AbstractExecutorService.submit(AbstractExecutorService.java:145)
	at org.apache.catalina.core.ContainerBase.startInternal(ContainerBase.java:714)
	at org.apache.catalina.core.StandardEngine.startInternal(StandardEngine.java:201)
	at org.apache.catalina.util.LifecycleBase.start(LifecycleBase.java:164)
	at org.apache.catalina.core.StandardService.startInternal(StandardService.java:410)
	at org.apache.catalina.util.LifecycleBase.start(LifecycleBase.java:164)
	at org.apache.catalina.core.StandardServer.startInternal(StandardServer.java:864)
	at org.apache.catalina.util.LifecycleBase.start(LifecycleBase.java:164)
	at org.apache.catalina.startup.Tomcat.start(Tomcat.java:435)
	at org.red5.server.tomcat.TomcatLoader.start(TomcatLoader.java:471)
	at org.red5.server.tomcat.TomcatLoader.afterPropertiesSet(TomcatLoader.java:248)
	at org.springframework.beans.factory.support.AbstractAutowireCapableBeanFactory.invokeInitMethods(AbstractAutowireCapableBeanFactory.java:1873)
	at org.springframework.beans.factory.support.AbstractAutowireCapableBeanFactory.initializeBean(AbstractAutowireCapableBeanFactory.java:1822)
	at org.springframework.beans.factory.support.AbstractAutowireCapableBeanFactory.doCreateBean(AbstractAutowireCapableBeanFactory.java:607)
	at org.springframework.beans.factory.support.AbstractAutowireCapableBeanFactory.createBean(AbstractAutowireCapableBeanFactory.java:529)
	at org.springframework.beans.factory.support.AbstractBeanFactory.lambda$doGetBean$0(AbstractBeanFactory.java:339)
	at org.springframework.beans.factory.support.DefaultSingletonBeanRegistry.getSingleton(DefaultSingletonBeanRegistry.java:373)
	at org.springframework.beans.factory.support.AbstractBeanFactory.doGetBean(AbstractBeanFactory.java:337)
	at org.springframework.beans.factory.support.AbstractBeanFactory.getBean(AbstractBeanFactory.java:227)
	at org.springframework.beans.factory.support.DefaultListableBeanFactory.resolveNamedBean(DefaultListableBeanFactory.java:1613)
	at org.springframework.beans.factory.support.DefaultListableBeanFactory.resolveNamedBean(DefaultListableBeanFactory.java:1571)
	at org.springframework.beans.factory.support.DefaultListableBeanFactory.resolveBean(DefaultListableBeanFactory.java:564)
	at org.springframework.beans.factory.support.DefaultListableBeanFactory.getBean(DefaultListableBeanFactory.java:393)
	at org.springframework.beans.factory.support.DefaultListableBeanFactory.getBean(DefaultListableBeanFactory.java:386)
	at org.springframework.context.support.AbstractApplicationContext.getBean(AbstractApplicationContext.java:1290)
	at org.red5.server.service.ShutdownServer.afterPropertiesSet(ShutdownServer.java:110)
	at org.springframework.beans.factory.support.AbstractAutowireCapableBeanFactory.invokeInitMethods(AbstractAutowireCapableBeanFactory.java:1873)
	at org.springframework.beans.factory.support.AbstractAutowireCapableBeanFactory.initializeBean(AbstractAutowireCapableBeanFactory.java:1822)
	at org.springframework.beans.factory.support.AbstractAutowireCapableBeanFactory.doCreateBean(AbstractAutowireCapableBeanFactory.java:607)
	at org.springframework.beans.factory.support.AbstractAutowireCapableBeanFactory.createBean(AbstractAutowireCapableBeanFactory.java:529)
	at org.springframework.beans.factory.support.AbstractBeanFactory.lambda$doGetBean$0(AbstractBeanFactory.java:339)
	at org.springframework.beans.factory.support.DefaultSingletonBeanRegistry.getSingleton(DefaultSingletonBeanRegistry.java:373)
	at org.springframework.beans.factory.support.AbstractBeanFactory.doGetBean(AbstractBeanFactory.java:337)
	at org.springframework.beans.factory.support.AbstractBeanFactory.getBean(AbstractBeanFactory.java:202)
	at org.springframework.beans.factory.support.DefaultListableBeanFactory.instantiateSingleton(DefaultListableBeanFactory.java:1221)
	at org.springframework.beans.factory.support.DefaultListableBeanFactory.preInstantiateSingleton(DefaultListableBeanFactory.java:1187)
	at org.springframework.beans.factory.support.DefaultListableBeanFactory.preInstantiateSingletons(DefaultListableBeanFactory.java:1123)
	at org.springframework.context.support.AbstractApplicationContext.finishBeanFactoryInitialization(AbstractApplicationContext.java:987)
	at org.springframework.context.support.AbstractApplicationContext.refresh(AbstractApplicationContext.java:627)
	at org.red5.server.Launcher.launch(Launcher.java:63)
	at java.base/jdk.internal.reflect.DirectMethodHandleAccessor.invoke(DirectMethodHandleAccessor.java:103)
	at java.base/java.lang.reflect.Method.invoke(Method.java:580)
	at org.red5.server.Bootstrap.bootStrap(Bootstrap.java:110)
	at org.red5.server.Bootstrap.main(Bootstrap.java:40)
2025-12-11 20:08:28,546 [main] INFO  o.a.c.c.C.[.[0.0.0.0].[/chat] - No Spring WebApplicationInitializer types detected on classpath
2025-12-11 20:08:28,548 [main] INFO  o.r.net.websocket.WebSocketPlugin - getWsServerContainerInstance: /chat
2025-12-11 20:08:28,579 [main] INFO  o.a.c.c.C.[.[0.0.0.0].[/vod] - No Spring WebApplicationInitializer types detected on classpath
2025-12-11 20:08:28,606 [main] INFO  o.a.c.c.C.[.[0.0.0.0].[/oflaDemo] - No Spring WebApplicationInitializer types detected on classpath
